[INFO] Scanning for projects...
[INFO] 
[INFO] --------------------< com.ymd:BusinessHouseGamesb >---------------------
[INFO] Building BusinessHouseGameSB 0.0.1-SNAPSHOT
[INFO]   from pom.xml
[INFO] --------------------------------[ jar ]---------------------------------
Downloading from central: https://repo.maven.apache.org/maven2/org/jacoco/jacoco-maven-plugin/0.8.13/jacoco-maven-plugin-0.8.13.pom
[WARNING] The POM for org.jacoco:jacoco-maven-plugin:jar:0.8.13 is missing, no dependency information available
Downloading from central: https://repo.maven.apache.org/maven2/org/jacoco/jacoco-maven-plugin/0.8.13/jacoco-maven-plugin-0.8.13.jar
[INFO] ------------------------------------------------------------------------
[INFO] BUILD FAILURE
[INFO] ------------------------------------------------------------------------
[INFO] Total time:  1.119 s
[INFO] Finished at: 2024-10-25T12:33:12+05:30
[INFO] ------------------------------------------------------------------------
[ERROR] Plugin org.jacoco:jacoco-maven-plugin:0.8.13 or one of its dependencies could not be resolved:
[ERROR] 	Could not find artifact org.jacoco:jacoco-maven-plugin:jar:0.8.13 in central (https://repo.maven.apache.org/maven2)
[ERROR] -> [Help 1]
[ERROR] 
[ERROR] To see the full stack trace of the errors, re-run Maven with the -e switch.
[ERROR] Re-run Maven using the -X switch to enable full debug logging.
[ERROR] 
[ERROR] For more information about the errors and possible solutions, please read the following articles:
[ERROR] [Help 1] http://cwiki.apache.org/confluence/display/MAVEN/PluginResolutionException
